
> mortal-api@0.1.0 build
> next build

▲ Next.js 16.2.10 (Turbopack)

⚠ The "middleware" file convention is deprecated. Please use "proxy" instead. Learn more: https://nextjs.org/docs/messages/middleware-to-proxy
  Creating an optimized production build ...
✓ Compiled successfully in 2.1s
  Running TypeScript ...
  Finished TypeScript in 1942ms ...
  Collecting page data using 20 workers ...
  Generating static pages using 20 workers (0/17) ...
  Generating static pages using 20 workers (4/17) 
  Generating static pages using 20 workers (8/17) 
  Generating static pages using 20 workers (12/17) 
✓ Generating static pages using 20 workers (17/17) in 472ms
  Finalizing page optimization ...

Route (app)
┌ ○ /
├ ○ /_not-found
├ ƒ /admin/backup
├ ƒ /admin/channels
├ ƒ /admin/keys
├ ƒ /admin/login
├ ƒ /admin/logs
├ ƒ /admin/stats
├ ○ /dashboard
├ ○ /dashboard/backup
├ ○ /dashboard/channels
├ ○ /dashboard/keys
├ ○ /dashboard/logs
├ ○ /dashboard/models
├ ○ /login
├ ƒ /v1/chat/completions
└ ƒ /v1/models


ƒ Proxy (Middleware)

○  (Static)   prerendered as static content
ƒ  (Dynamic)  server-rendered on demand

